[{"stream_name":"stdout","time":15.013193342,"data":"  PreferredFoot  Count\n"}
,{"stream_name":"stdout","time":15.013264195,"data":"0         Right  13948\n"}
,{"stream_name":"stdout","time":15.013273169,"data":"1          Left   4211\n"}
,{"stream_name":"stdout","time":17.655672796,"data":"                Nations  Counts\n"}
,{"stream_name":"stdout","time":17.655724200999998,"data":"0               England    1662\n"}
,{"stream_name":"stdout","time":17.655732755,"data":"1               Germany    1198\n"}
,{"stream_name":"stdout","time":17.655738644,"data":"2                 Spain    1072\n"}
,{"stream_name":"stdout","time":17.655744536,"data":"3             Argentina     937\n"}
,{"stream_name":"stdout","time":17.655750148,"data":"4                France     914\n"}
,{"stream_name":"stdout","time":17.655755545,"data":"5                Brazil     827\n"}
,{"stream_name":"stdout","time":17.655761355,"data":"6                 Italy     702\n"}
,{"stream_name":"stdout","time":17.655766293,"data":"7              Colombia     618\n"}
,{"stream_name":"stdout","time":17.655771342,"data":"8                 Japan     478\n"}
,{"stream_name":"stdout","time":17.655776524,"data":"9           Netherlands     453\n"}
,{"stream_name":"stdout","time":17.655781285,"data":"10               Sweden     397\n"}
,{"stream_name":"stdout","time":17.655786844,"data":"11             China PR     392\n"}
,{"stream_name":"stdout","time":17.655792101,"data":"12                Chile     391\n"}
,{"stream_name":"stdout","time":17.65579797,"data":"13  Republic of Ireland     368\n"}
,{"stream_name":"stdout","time":17.655807207,"data":"14               Mexico     366\n"}
,{"stream_name":"stdout","time":17.655816304,"data":"15        United States     353\n"}
,{"stream_name":"stdout","time":17.655822731,"data":"16               Poland     350\n"}
,{"stream_name":"stdout","time":17.655833125,"data":"17               Norway     341\n"}
,{"stream_name":"stdout","time":17.655840303,"data":"18         Saudi Arabia     340\n"}
,{"stream_name":"stdout","time":17.655846092,"data":"19              Denmark     336\n"}
,{"stream_name":"stderr","time":18.420343821,"data":"/opt/conda/lib/python3.7/site-packages/ipykernel_launcher.py:1: FutureWarning: Indexing with multiple keys (implicitly converted to a tuple of keys) will be deprecated, use a list instead.\n"}
,{"stream_name":"stderr","time":18.420381112,"data":"  \"\"\"Entry point for launching an IPython kernel.\n"}
,{"stream_name":"stderr","time":20.781254082,"data":"/opt/conda/lib/python3.7/site-packages/ipykernel_launcher.py:1: FutureWarning: Indexing with multiple keys (implicitly converted to a tuple of keys) will be deprecated, use a list instead.\n"}
,{"stream_name":"stderr","time":20.781304397,"data":"  \"\"\"Entry point for launching an IPython kernel.\n"}
,{"stream_name":"stderr","time":26.144387126,"data":"/opt/conda/lib/python3.7/site-packages/ipykernel_launcher.py:1: FutureWarning: Indexing with multiple keys (implicitly converted to a tuple of keys) will be deprecated, use a list instead.\n"}
,{"stream_name":"stderr","time":26.144679044,"data":"  \"\"\"Entry point for launching an IPython kernel.\n"}
,{"stream_name":"stderr","time":54.341613144,"data":"/opt/conda/lib/python3.7/site-packages/ipykernel_launcher.py:1: FutureWarning: Indexing with multiple keys (implicitly converted to a tuple of keys) will be deprecated, use a list instead.\n"}
,{"stream_name":"stderr","time":54.34167046,"data":"  \"\"\"Entry point for launching an IPython kernel.\n"}
,{"stream_name":"stderr","time":59.036517378,"data":"/opt/conda/lib/python3.7/site-packages/traitlets/traitlets.py:2561: FutureWarning: --Exporter.preprocessors=[\"remove_papermill_header.RemovePapermillHeader\"] for containers is deprecated in traitlets 5.0. You can pass `--Exporter.preprocessors item` ... multiple times to add items to a list.\n"}
,{"stream_name":"stderr","time":59.039950548,"data":"  FutureWarning,\n"}
,{"stream_name":"stderr","time":59.040756366,"data":"[NbConvertApp] Converting notebook __notebook__.ipynb to notebook\n"}
,{"stream_name":"stderr","time":59.929163173,"data":"[NbConvertApp] Writing 1059908 bytes to __notebook__.ipynb\n"}
,{"stream_name":"stderr","time":61.269647981,"data":"/opt/conda/lib/python3.7/site-packages/traitlets/traitlets.py:2561: FutureWarning: --Exporter.preprocessors=[\"nbconvert.preprocessors.ExtractOutputPreprocessor\"] for containers is deprecated in traitlets 5.0. You can pass `--Exporter.preprocessors item` ... multiple times to add items to a list.\n"}
,{"stream_name":"stderr","time":61.269744591,"data":"  FutureWarning,\n"}
,{"stream_name":"stderr","time":61.269753717,"data":"[NbConvertApp] Converting notebook __notebook__.ipynb to html\n"}
,{"stream_name":"stderr","time":62.726360588,"data":"[NbConvertApp] Support files will be in __results___files/\n"}
,{"stream_name":"stderr","time":62.726408487,"data":"[NbConvertApp] Making directory __results___files\n"}
,{"stream_name":"stderr","time":62.726694472,"data":"[NbConvertApp] Making directory __results___files\n"}
,{"stream_name":"stderr","time":62.726845428,"data":"[NbConvertApp] Making directory __results___files\n"}
,{"stream_name":"stderr","time":62.727048341,"data":"[NbConvertApp] Making directory __results___files\n"}
,{"stream_name":"stderr","time":62.727281981,"data":"[NbConvertApp] Making directory __results___files\n"}
,{"stream_name":"stderr","time":62.727471673,"data":"[NbConvertApp] Making directory __results___files\n"}
,{"stream_name":"stderr","time":62.727706484,"data":"[NbConvertApp] Making directory __results___files\n"}
,{"stream_name":"stderr","time":62.727860439,"data":"[NbConvertApp] Making directory __results___files\n"}
,{"stream_name":"stderr","time":62.728028616,"data":"[NbConvertApp] Making directory __results___files\n"}
,{"stream_name":"stderr","time":62.728226638,"data":"[NbConvertApp] Making directory __results___files\n"}
,{"stream_name":"stderr","time":62.72837761,"data":"[NbConvertApp] Making directory __results___files\n"}
,{"stream_name":"stderr","time":62.728574464,"data":"[NbConvertApp] Making directory __results___files\n"}
,{"stream_name":"stderr","time":62.728746342,"data":"[NbConvertApp] Making directory __results___files\n"}
,{"stream_name":"stderr","time":62.728930823,"data":"[NbConvertApp] Making directory __results___files\n"}
,{"stream_name":"stderr","time":62.729311094,"data":"[NbConvertApp] Making directory __results___files\n"}
,{"stream_name":"stderr","time":62.729470186,"data":"[NbConvertApp] Making directory __results___files\n"}
,{"stream_name":"stderr","time":62.729830628,"data":"[NbConvertApp] Making directory __results___files\n"}
,{"stream_name":"stderr","time":62.73003901,"data":"[NbConvertApp] Writing 390665 bytes to __results__.html\n"}
]